18:47:31.475 [sbt-bg-threads-1] INFO  GenerateLogData$ - Log data generator started...
18:47:31.777 [sbt-bg-threads-1] WARN  HelperUtils.Parameters$ - Max count 100 is used to create records instead of timeouts
18:47:37.550 [scala-execution-context-global-94] WARN  HelperUtils.Parameters$ - s%]s,+2k|D}K7b/XCwG&@7HDPR8z
18:47:44.436 [scala-execution-context-global-94] INFO  HelperUtils.Parameters$ - ;kNI&V%v<c#eSDK@lPY(
18:47:53.658 [scala-execution-context-global-94] INFO  HelperUtils.Parameters$ - l9]|92!uHUQ/IVcz~(;.Uz%K*5jTUd08
18:47:55.192 [scala-execution-context-global-94] INFO  HelperUtils.Parameters$ - G3sw7^U<^q^Cl!aMTDbNz<:$;?e<.0JD_'
18:48:05.191 [scala-execution-context-global-94] WARN  HelperUtils.Parameters$ - A><YFqpg+~"E1T
18:48:13.840 [scala-execution-context-global-94] DEBUG HelperUtils.Parameters$ - JrQB;P0"&+6;&Dk-
18:48:22.175 [scala-execution-context-global-94] INFO  HelperUtils.Parameters$ - OsI1`qAeU5H;\+
18:48:30.358 [scala-execution-context-global-94] INFO  HelperUtils.Parameters$ - [h!Q9PEY>L(NpKLBO"Gjo:=4kRXQ_tZ!
18:48:36.377 [scala-execution-context-global-94] INFO  HelperUtils.Parameters$ - B?y&C"C5rsb:2037;f&|vM#x?z|Ny|&<44Z8B&rF1#&M
18:48:46.202 [scala-execution-context-global-94] WARN  HelperUtils.Parameters$ - x2oBSI0/\%CdfV2%ChSsnZ7vJo=2qJqZ%."kbc!0ne`y&m
18:48:54.215 [scala-execution-context-global-94] ERROR HelperUtils.Parameters$ - ihu}!A2]*07}|,lc
18:48:57.888 [scala-execution-context-global-94] ERROR  HelperUtils.Parameters$ - CC]>~R#,^#0JWyESarZdETDcvk)Yk'I?
18:49:03.457 [scala-execution-context-global-94] WARN  HelperUtils.Parameters$ - Swq;g+6M:?820=Gmd#.p)sFaqoKc^mm](.A8Z-4-].tp|cfR\~rc(m^{
18:49:09.979 [scala-execution-context-global-94] INFO  HelperUtils.Parameters$ - zXK=Fze%-6Iv-^q{zhG|EUzvd);tOj-:
18:49:11.147 [scala-execution-context-global-94] INFO  HelperUtils.Parameters$ - ^<A>61@{3[KEk@M/Xh-q%sco3Dkwq~
18:49:19.732 [scala-execution-context-global-94] WARN  HelperUtils.Parameters$ - Bv^B8Re'$VG)[P".g*?f<G\l5n.18B|i<E&rgPQZ;wBeA{4O/fy+Pp
18:49:27.897 [scala-execution-context-global-94] WARN  HelperUtils.Parameters$ - k1H+R#/%d0>Q>N:6\enT]U
18:49:29.939 [scala-execution-context-global-94] INFO  HelperUtils.Parameters$ - 8G;,3m_T`G#H]&Yh:Ei1%fp''5`M8qY7gR6gbe3D5uce2M8f%<Bqz8fMm#{JWqMdoc_2N/|wf8]
18:49:34.961 [scala-execution-context-global-94] DEBUG HelperUtils.Parameters$ - UZ0&:)=:rL4E9:"6fd#xr\BCi[QtBFN%HHj*'<]"#|
18:49:39.321 [scala-execution-context-global-94] WARN  HelperUtils.Parameters$ - rh;adDm*\mlQ<SMbf1X9gR6qaf0D6pV6vCaw:Xf9+rY+Utj:
18:49:46.526 [scala-execution-context-global-94] INFO  HelperUtils.Parameters$ - A)(.O4pTgg*z]8"5[DblZ/kC{w~fl&3*_O
18:49:48.521 [scala-execution-context-global-94] DEBUG HelperUtils.Parameters$ - KiNj-AvX}^(?4?FsQ1;}MbVN11j-;*>N7jT>>nTZaW6V8ff"=wDdj}
18:49:57.673 [scala-execution-context-global-94] INFO  HelperUtils.Parameters$ - 6<FzfyG+ilOJ*W
18:50:00.018 [scala-execution-context-global-94] INFO  HelperUtils.Parameters$ - *}<Yc'grZS*Zs5m9}^
18:50:09.162 [scala-execution-context-global-94] INFO  HelperUtils.Parameters$ - DXVK7-f@aS5q;A}y^Y)l&Eyl%p
18:50:32.144 [scala-execution-context-global-94] INFO  HelperUtils.Parameters$ - xBq^[oyWzJwmg$5c%H6faf0bf3O5iW5pbe1fSbuR/}n,42A4<n5U
18:50:38.632 [scala-execution-context-global-94] WARN  HelperUtils.Parameters$ - i!IME&%N0%QeSybwAZ@"+`aO*+8,OMNgTW%@s{}xewE<!|N=zcdE-gyyaO
18:50:47.642 [scala-execution-context-global-94] INFO  HelperUtils.Parameters$ - t}FM{ihC!"B|>uZc[}.!%4u)^!eJ
18:50:55.992 [scala-execution-context-global-94] INFO  HelperUtils.Parameters$ - ~r*/=<\LxFC/@-dIb{+yAsP(ftAcBD"'
18:51:04.000 [scala-execution-context-global-94] WARN  HelperUtils.Parameters$ - ~9ht`yg6|',XUf/%OYVU|^m!BND0
18:51:13.749 [scala-execution-context-global-94] ERROR HelperUtils.Parameters$ - #D&i~[@YT(#ih#?L9`:':xk~(2$~G8
18:51:16.842 [scala-execution-context-global-94] WARN  HelperUtils.Parameters$ - AvI3^1S"RX]U$Bq9xTs_E9d`0f+y^s,8[D=#8bT}G'8Fk7x*,4S|[L
18:51:22.537 [scala-execution-context-global-94] WARN  HelperUtils.Parameters$ - RoFi>2|!!T7gPi1V>"`XEIEw
18:51:31.627 [scala-execution-context-global-94] INFO  HelperUtils.Parameters$ - HCWP?3{r<fPj0Iq*gV![6yocTv*[@9YsE%#nS3E(px'T9>
18:51:39.450 [scala-execution-context-global-94] INFO  HelperUtils.Parameters$ - Gh-<6pu(XPO\TDgS"{
18:51:43.454 [scala-execution-context-global-94] INFO  HelperUtils.Parameters$ - C5sJrI@icg3A6lbg3ae1D6scg3be18(5t)SH8
18:51:46.826 [scala-execution-context-global-94] WARN  HelperUtils.Parameters$ - .%OPf[\9R`BhF7T*<]NM(#n*MYX<Y4-SB(>1N-2y/]-!0.9soF%*{@:.u=
18:51:55.746 [scala-execution-context-global-94] WARN  HelperUtils.Parameters$ - p=]_~$>$KA@uQk
18:51:56.980 [scala-execution-context-global-94] DEBUG HelperUtils.Parameters$ - |us3<[bHvlvM$S@AzT:xGp"~kv1-
18:52:06.703 [scala-execution-context-global-94] INFO  HelperUtils.Parameters$ - 7|)b^h4IP8C<N#Y>\BqXdp=}w<LoUmpPJs^+>4d7[_
18:52:08.123 [scala-execution-context-global-94] WARN  HelperUtils.Parameters$ - aAVIKTt!p0B^}o
18:52:14.388 [scala-execution-context-global-94] INFO  HelperUtils.Parameters$ - {ObwTe['.?$l\h7#d^ftgMHv%L@rhGQRL{,pI(./
18:52:21.937 [scala-execution-context-global-94] INFO  HelperUtils.Parameters$ - q:Nw~{k5{hE"[+~-@wi.C=,NI{yq
18:52:29.504 [scala-execution-context-global-94] INFO  HelperUtils.Parameters$ - Kke2v`d=|2hb>RC$5EZj
18:52:35.980 [scala-execution-context-global-94] DEBUG HelperUtils.Parameters$ - ;UI(w#B>=0>`AsS_0~;~H:PTIwV!HnO&gF=2!kr>LD}HgJ|1w%9[h,!2
18:52:42.598 [scala-execution-context-global-94] WARN  HelperUtils.Parameters$ - @L6PIuZF}g3Up^oI5D
18:52:44.129 [scala-execution-context-global-94] INFO  HelperUtils.Parameters$ - 5E%,v+|=xRK51u
18:52:47.849 [scala-execution-context-global-94] INFO  HelperUtils.Parameters$ - /."&wPY[/HUWu:EvUXjhJZ[4Nzh'H1a2CzxnDcTNf%
18:52:52.253 [scala-execution-context-global-94] INFO  HelperUtils.Parameters$ - HKBel&*(,$#=>L^gQPy-[0w!${W=Ip~,K2R|OHM,n`T&kf
18:53:01.880 [scala-execution-context-global-94] INFO  HelperUtils.Parameters$ - F$zcUDAo:(XSvu#0Uzu&Z!d/=+qW
18:53:06.107 [scala-execution-context-global-94] INFO  HelperUtils.Parameters$ - EWZM4"ghEpkBBx]z45\XAw,i=7AM!WOpeK{8
18:53:14.347 [scala-execution-context-global-94] INFO  HelperUtils.Parameters$ - Fjs$K;5PQU881)
18:53:22.550 [scala-execution-context-global-94] INFO  HelperUtils.Parameters$ - (RQvE=8GC7o[
18:53:30.792 [scala-execution-context-global-94] INFO  HelperUtils.Parameters$ - l@V:P_JbWKq2j_*)
18:53:32.853 [scala-execution-context-global-94] WARN  HelperUtils.Parameters$ - EOI%Wdc#y,jY:JgaYiKPdq"3hJ%0@e8nG1EgD!Z;4n@K$,a4Y;BbrDtaCTN>
18:53:42.403 [scala-execution-context-global-94] WARN  HelperUtils.Parameters$ - u"_dT0$XC25&B}lBZH?/FnaJuSj=F9&};?:%
18:53:51.686 [scala-execution-context-global-94] INFO  HelperUtils.Parameters$ - tZ[%krX78f?E47)S`SyD#OdbPbe4]:5'o4A]n8
18:53:57.573 [scala-execution-context-global-94] INFO  HelperUtils.Parameters$ - ~3s]#K/7Fm]e3T#r&t.L
18:54:05.343 [scala-execution-context-global-94] WARN  HelperUtils.Parameters$ - TwL6k$(1uiLEPCuflV@yX[TXZIFr(c(3X@~+M_kI*e\8Ed([@f
18:54:09.321 [scala-execution-context-global-94] WARN  HelperUtils.Parameters$ - vn](@5;q^^WSn860i=[bzX&tTimk`'|T
18:54:11.737 [scala-execution-context-global-94] INFO  HelperUtils.Parameters$ - wO6%<#3))ww=V;g,\<yx)mq}y8{Dy7]SHegk2>~V;+Nk*l5\_F;&
18:54:21.486 [scala-execution-context-global-94] INFO  HelperUtils.Parameters$ - ]c(A&YP+*/4KF]R%$9J_y2
18:54:28.820 [scala-execution-context-global-94] INFO  HelperUtils.Parameters$ - A[-o2V__D;6h+[1N
18:54:36.363 [scala-execution-context-global-94] DEBUG HelperUtils.Parameters$ - 1?*{|Y*ScN^"[uEa/14xBP
18:54:44.531 [scala-execution-context-global-94] INFO  HelperUtils.Parameters$ - lM!PiG[5_Cl5Vfj9@G,W6D3`<M&\c)xs8$k^CW7Z
18:54:47.002 [scala-execution-context-global-94] INFO  HelperUtils.Parameters$ - 20~CpANS]UeKVqEa9k
18:54:52.207 [scala-execution-context-global-94] INFO  HelperUtils.Parameters$ - oTXRYrR(pSs{.-j`
18:54:55.902 [scala-execution-context-global-94] INFO  HelperUtils.Parameters$ - g4##]Tu\~Uso/N3M;5k>
18:55:05.350 [scala-execution-context-global-94] INFO  HelperUtils.Parameters$ - $d5GDBS1wpC=gkb$%]zyWkw{==j'])=)0l|T
18:55:13.878 [scala-execution-context-global-94] INFO  HelperUtils.Parameters$ - ?<H9eQi@i-.U}=(t%PBTTv9_tVmJQ^o9
18:55:18.703 [scala-execution-context-global-94] WARN  HelperUtils.Parameters$ - qhl||_j<<:NLO8gA7naf1bf1B9vC5km::x^2ma[XZ?
18:55:22.928 [scala-execution-context-global-94] INFO  HelperUtils.Parameters$ - .0O8=j`lQ3v~C.e`p~{+At;.+r2t0~:a0^)WS`%I$+e<EJvcOIlMdxm*/9
18:55:29.124 [scala-execution-context-global-94] WARN  HelperUtils.Parameters$ - &1i$wDQ)lo|/uSFuRfG|'eNix@d|kIKiKRUcjQ^nzj!(-d:owFAv|w:Rk5
18:55:38.829 [scala-execution-context-global-94] INFO  HelperUtils.Parameters$ - Xn|{:1sgm<:"WCE8@q$f9t2cxEo$]aY&u.
18:55:43.324 [scala-execution-context-global-94] INFO  HelperUtils.Parameters$ - g<&|/{Gy+HUy[A;i3YAuom
18:55:44.541 [scala-execution-context-global-94] INFO  HelperUtils.Parameters$ - pxZmQPmoW3Y~}=
18:55:48.951 [scala-execution-context-global-94] INFO  HelperUtils.Parameters$ - [0~i_'IRv!/e+u8n`U}mH?y$KX_Cg}!p]G?kyBL|nRfr\X"U8P'4
18:55:56.482 [scala-execution-context-global-94] WARN  HelperUtils.Parameters$ - &v"rtww(A9yPf{9}i.!{:_Vy_2GK(}|_WBI#$5FBT@"L~vpH
18:56:06.083 [scala-execution-context-global-94] INFO  HelperUtils.Parameters$ - oNnqyub|t8t;@F*c{txMjIl*fNkCn;
18:56:16.031 [scala-execution-context-global-94] INFO  HelperUtils.Parameters$ - ?YpzVEds;}'Am`/;L6ri`O"O\5hB
18:56:24.720 [scala-execution-context-global-94] INFO  HelperUtils.Parameters$ - `Yp<Y0&^e+])BoN2Lo+M}TaGg(5cAFg<I_fz3BiZE^
18:56:27.151 [scala-execution-context-global-94] INFO  HelperUtils.Parameters$ - 7Lq(&8|E<VE%]aTIlw`R,-}X.G\}[lI9r\n/^>/-n"
18:56:28.877 [scala-execution-context-global-94] WARN  HelperUtils.Parameters$ - ?u+Qd'n{fBEmvc?(Rwg2
18:56:36.764 [scala-execution-context-global-94] INFO  HelperUtils.Parameters$ - FwduQIDnjMDM<tKNf'H6pbg3X6mag1be0T9hag0R9_Z)r/\$,T2W*V>D_
18:56:44.868 [scala-execution-context-global-94] WARN  HelperUtils.Parameters$ - NJyuvPX\qZ/JjhIniM<=vK?rh(LkShES7q;LR>m%5L1*#zfV-V+o(lfc-]@)
18:56:51.818 [scala-execution-context-global-94] WARN  HelperUtils.Parameters$ - )]gT,nUoP]\EUm#S
18:56:55.762 [scala-execution-context-global-94] INFO  HelperUtils.Parameters$ - QuA6u\;r&kC%`IQN(}f5jV'A\3n&gF/Tqvk:?-RPD-ycbo
18:57:05.703 [scala-execution-context-global-94] INFO  HelperUtils.Parameters$ - {J!R\|7d%.U~1IW.-1u'l]t!U.tR_6<)p5SScbC{eCuE\cms
18:57:14.040 [scala-execution-context-global-94] INFO  HelperUtils.Parameters$ - 9#PL$WLu3:DCw6
18:57:21.791 [scala-execution-context-global-94] INFO  HelperUtils.Parameters$ - k3].]Cmrb<4*%=7J
18:57:26.798 [scala-execution-context-global-94] INFO  HelperUtils.Parameters$ - fh`#_b+2uXp[e=oANJb@4q=R7c;$3P[^.TWSoI0p
18:57:30.028 [scala-execution-context-global-94] INFO  HelperUtils.Parameters$ - O>~cu)I1b{5[a{}d^<LF'e\-@*O>z*.ENhy[+"I;{q$z@HZS]?fHL?TY1G
18:57:38.215 [scala-execution-context-global-94] INFO  HelperUtils.Parameters$ - 8R$l[u6X_$3.#sW>mk
18:57:43.978 [scala-execution-context-global-94] INFO  HelperUtils.Parameters$ - DL,wr(I%m:m/x_sw(LO9UXJmg)p)SK\RQ@V3vf4i#ovQ7S|&+W
18:57:47.483 [scala-execution-context-global-94] WARN  HelperUtils.Parameters$ - qVMsLTta[kj[!L5+#7a9H<7\fWI0
18:57:50.199 [scala-execution-context-global-94] WARN  HelperUtils.Parameters$ - 'Hjg7O}zvw}p&|wvWIhl4JiKUa*N3#ML
18:57:53.029 [scala-execution-context-global-94] INFO  HelperUtils.Parameters$ - xV,n1L|+_;&%SEB_mT
18:57:57.701 [scala-execution-context-global-94] INFO  HelperUtils.Parameters$ - DcFx<?3Sv!@n\e#Z/f
18:58:02.409 [scala-execution-context-global-94] DEBUG HelperUtils.Parameters$ - a"*qCrQOB=s"Y.N>&r<FhCk,4Ol]"m~_wK6.2lfG@_-g/As9\Tzdp\`P
18:58:04.531 [scala-execution-context-global-94] INFO  HelperUtils.Parameters$ - k4W<01&yTUMcf2P7tag1ae3bg3dn9FmhenS;$
18:58:04.532 [sbt-bg-threads-1] INFO  GenerateLogData$ - Log data generation has completed after generating 100 records.
